2025-11-30 11:37:40,837 [INFO] Starting MTGA bot with config at config.json
2025-11-30 11:37:40,837 [INFO] Using configured log path: /home/barrylim/.local/share/Steam/steamapps/compatdata/2141910/pfx/drive_c/users/steamuser/AppData/LocalLow/Wizards Of The Coast/MTGA/Player.log
2025-11-30 11:37:46,839 [DEBUG] Unparsed log line (idle): Could not find BladeQueueInfo for QueueType: Ranked
2025-11-30 11:37:46,839 [DEBUG] Unparsed log line (idle): Can't find pet for deck Goblins Everywhere! (4792e924-c693-4b06-b4e7-31bfeedd610d)
2025-11-30 11:37:47,839 [DEBUG] Unparsed log line (idle): Unloading 4 Unused Serialized files (Serialized files now loaded: 256)
2025-11-30 11:37:47,839 [DEBUG] Unparsed log line (idle): Unloading 7499 unused Assets to reduce memory usage. Loaded Objects now: 24986.
2025-11-30 11:37:47,839 [DEBUG] Unparsed log line (idle): Total: 53.109400 ms (FindLiveObjects: 1.659200 ms CreateObjectMapping: 0.910100 ms MarkObjects: 46.533900 ms  DeleteObjects: 4.005200 ms)
2025-11-30 11:37:49,840 [DEBUG] Event: LogEvent(event_type=<EventType.QUEUE_ENTERED: 6>, payload={'state': 'ConnectedToMatchDoor_ConnectingToGRE'})
2025-11-30 11:37:49,840 [INFO] Action: ActionType.WAIT (Waiting for opponent)
2025-11-30 11:37:50,574 [DEBUG] Event: LogEvent(event_type=<EventType.QUEUE_ENTERED: 6>, payload={'state': 'ConnectedToMatchDoor_ConnectedToGRE_Waiting'})
2025-11-30 11:37:50,574 [INFO] Action: ActionType.WAIT (Waiting for opponent)
2025-11-30 11:37:51,152 [DEBUG] Event: LogEvent(event_type=<EventType.MATCH_START: 4>, payload={'state': 'Playing'})
2025-11-30 11:37:51,152 [INFO] Action: ActionType.KEEP_HAND (Keep opening hand once per match)
2025-11-30 11:37:51,903 [DEBUG] ydotool click failed at (1719.0,281.0): Command '['/usr/bin/ydotool', 'mousemove', '--absolute', '1719', '281']' returned non-zero exit status 2.
2025-11-30 11:37:52,581 [DEBUG] Keep-hand attempt 1/10
2025-11-30 11:37:52,582 [DEBUG] ydotool click failed at (2922.0,1345.2): Command '['/usr/bin/ydotool', 'mousemove', '--absolute', '2922', '1345']' returned non-zero exit status 2.
2025-11-30 11:37:52,967 [DEBUG] ydotool click failed at (2235.0,1238.4): Command '['/usr/bin/ydotool', 'mousemove', '--absolute', '2235', '1238']' returned non-zero exit status 2.
2025-11-30 11:37:53,534 [DEBUG] ydotool click failed at (1988.1999999999998,1193.2): Command '['/usr/bin/ydotool', 'mousemove', '--absolute', '1988', '1193']' returned non-zero exit status 2.
2025-11-30 11:37:54,058 [DEBUG] ydotool key failed for space (57): Command '['/usr/bin/ydotool', 'key', '57:1', '57:0']' returned non-zero exit status 2.
2025-11-30 11:37:54,463 [DEBUG] ydotool key failed for enter (28): Command '['/usr/bin/ydotool', 'key', '28:1', '28:0']' returned non-zero exit status 2.
2025-11-30 11:37:55,331 [DEBUG] Keep-hand attempt 2/10
2025-11-30 11:37:55,332 [DEBUG] ydotool click failed at (2915.0,1340.2): Command '['/usr/bin/ydotool', 'mousemove', '--absolute', '2915', '1340']' returned non-zero exit status 2.
2025-11-30 11:37:55,825 [DEBUG] ydotool click failed at (2246.0,1240.4): Command '['/usr/bin/ydotool', 'mousemove', '--absolute', '2246', '1240']' returned non-zero exit status 2.
2025-11-30 11:37:56,487 [DEBUG] ydotool click failed at (1987.1999999999998,1191.2): Command '['/usr/bin/ydotool', 'mousemove', '--absolute', '1987', '1191']' returned non-zero exit status 2.
2025-11-30 11:37:57,005 [DEBUG] ydotool key failed for space (57): Command '['/usr/bin/ydotool', 'key', '57:1', '57:0']' returned non-zero exit status 2.
2025-11-30 11:37:57,692 [DEBUG] ydotool key failed for enter (28): Command '['/usr/bin/ydotool', 'key', '28:1', '28:0']' returned non-zero exit status 2.
2025-11-30 11:37:58,736 [DEBUG] Keep-hand attempt 3/10
2025-11-30 11:37:58,736 [DEBUG] ydotool click failed at (2932.0,1343.2): Command '['/usr/bin/ydotool', 'mousemove', '--absolute', '2932', '1343']' returned non-zero exit status 2.
2025-11-30 11:37:59,148 [DEBUG] ydotool click failed at (2244.0,1241.4): Command '['/usr/bin/ydotool', 'mousemove', '--absolute', '2244', '1241']' returned non-zero exit status 2.
2025-11-30 11:37:59,646 [DEBUG] ydotool click failed at (1988.1999999999998,1201.2): Command '['/usr/bin/ydotool', 'mousemove', '--absolute', '1988', '1201']' returned non-zero exit status 2.
2025-11-30 11:38:00,321 [DEBUG] ydotool key failed for space (57): Command '['/usr/bin/ydotool', 'key', '57:1', '57:0']' returned non-zero exit status 2.
2025-11-30 11:38:00,963 [DEBUG] ydotool key failed for enter (28): Command '['/usr/bin/ydotool', 'key', '28:1', '28:0']' returned non-zero exit status 2.
2025-11-30 11:38:01,885 [DEBUG] Keep-hand attempt 4/10
2025-11-30 11:38:01,886 [DEBUG] ydotool click failed at (2934.0,1334.2): Command '['/usr/bin/ydotool', 'mousemove', '--absolute', '2934', '1334']' returned non-zero exit status 2.
2025-11-30 11:38:02,295 [DEBUG] ydotool click failed at (2246.0,1232.4): Command '['/usr/bin/ydotool', 'mousemove', '--absolute', '2246', '1232']' returned non-zero exit status 2.
2025-11-30 11:38:02,925 [DEBUG] ydotool click failed at (2000.1999999999998,1195.2): Command '['/usr/bin/ydotool', 'mousemove', '--absolute', '2000', '1195']' returned non-zero exit status 2.
2025-11-30 11:38:03,637 [DEBUG] ydotool key failed for space (57): Command '['/usr/bin/ydotool', 'key', '57:1', '57:0']' returned non-zero exit status 2.
2025-11-30 11:38:04,376 [DEBUG] ydotool key failed for enter (28): Command '['/usr/bin/ydotool', 'key', '28:1', '28:0']' returned non-zero exit status 2.
2025-11-30 11:38:05,333 [DEBUG] Keep-hand attempt 5/10
2025-11-30 11:38:05,334 [DEBUG] ydotool click failed at (2933.0,1330.2): Command '['/usr/bin/ydotool', 'mousemove', '--absolute', '2933', '1330']' returned non-zero exit status 2.
2025-11-30 11:38:05,782 [DEBUG] ydotool click failed at (2246.0,1234.4): Command '['/usr/bin/ydotool', 'mousemove', '--absolute', '2246', '1234']' returned non-zero exit status 2.
2025-11-30 11:38:06,384 [DEBUG] ydotool click failed at (1990.1999999999998,1187.2): Command '['/usr/bin/ydotool', 'mousemove', '--absolute', '1990', '1187']' returned non-zero exit status 2.
2025-11-30 11:38:07,088 [DEBUG] ydotool key failed for space (57): Command '['/usr/bin/ydotool', 'key', '57:1', '57:0']' returned non-zero exit status 2.
2025-11-30 11:38:07,503 [DEBUG] ydotool key failed for enter (28): Command '['/usr/bin/ydotool', 'key', '28:1', '28:0']' returned non-zero exit status 2.
2025-11-30 11:38:08,272 [DEBUG] Keep-hand attempt 6/10
2025-11-30 11:38:08,273 [DEBUG] ydotool click failed at (2914.0,1346.2): Command '['/usr/bin/ydotool', 'mousemove', '--absolute', '2914', '1346']' returned non-zero exit status 2.
2025-11-30 11:38:09,004 [DEBUG] ydotool click failed at (2240.0,1238.4): Command '['/usr/bin/ydotool', 'mousemove', '--absolute', '2240', '1238']' returned non-zero exit status 2.
2025-11-30 11:38:09,544 [DEBUG] ydotool click failed at (1986.1999999999998,1193.2): Command '['/usr/bin/ydotool', 'mousemove', '--absolute', '1986', '1193']' returned non-zero exit status 2.
2025-11-30 11:38:09,934 [DEBUG] ydotool key failed for space (57): Command '['/usr/bin/ydotool', 'key', '57:1', '57:0']' returned non-zero exit status 2.
2025-11-30 11:38:10,684 [DEBUG] ydotool key failed for enter (28): Command '['/usr/bin/ydotool', 'key', '28:1', '28:0']' returned non-zero exit status 2.
2025-11-30 14:16:11,260 [INFO] Starting MTGA bot with config at config.json
2025-11-30 14:16:11,260 [INFO] Using configured log path: /home/barrylim/.local/share/Steam/steamapps/compatdata/2141910/pfx/drive_c/users/steamuser/AppData/LocalLow/Wizards Of The Coast/MTGA/Player.log
2025-11-30 14:16:14,262 [DEBUG] Unparsed log line (idle): Could not find BladeQueueInfo for QueueType: Ranked
2025-11-30 14:16:14,262 [DEBUG] Unparsed log line (idle): Can't find pet for deck Goblins Everywhere! (4792e924-c693-4b06-b4e7-31bfeedd610d)
2025-11-30 14:16:15,262 [DEBUG] Unparsed log line (idle): Unloading 4 Unused Serialized files (Serialized files now loaded: 266)
2025-11-30 14:16:15,262 [DEBUG] Unparsed log line (idle): Unloading 7487 unused Assets to reduce memory usage. Loaded Objects now: 24574.
2025-11-30 14:16:15,262 [DEBUG] Unparsed log line (idle): Total: 67.715100 ms (FindLiveObjects: 1.710700 ms CreateObjectMapping: 1.474800 ms MarkObjects: 60.669500 ms  DeleteObjects: 3.859400 ms)
2025-11-30 14:16:17,262 [DEBUG] Event: LogEvent(event_type=<EventType.QUEUE_ENTERED: 6>, payload={'state': 'ConnectedToMatchDoor_ConnectingToGRE'})
2025-11-30 14:16:17,263 [INFO] Action: ActionType.WAIT (Waiting for opponent)
2025-11-30 14:16:17,697 [DEBUG] Event: LogEvent(event_type=<EventType.QUEUE_ENTERED: 6>, payload={'state': 'ConnectedToMatchDoor_ConnectedToGRE_Waiting'})
2025-11-30 14:16:17,697 [INFO] Action: ActionType.WAIT (Waiting for opponent)
2025-11-30 14:16:18,251 [DEBUG] Event: LogEvent(event_type=<EventType.MATCH_START: 4>, payload={'state': 'Playing'})
2025-11-30 14:16:18,251 [INFO] Action: ActionType.KEEP_HAND (Keep opening hand once per match)
2025-11-30 14:16:19,001 [DEBUG] ydotool click failed at (1724.0,292.0): Command '['/usr/bin/ydotool', 'mousemove', '--absolute', '1724', '292']' returned non-zero exit status 2.
2025-11-30 14:16:19,554 [DEBUG] Keep-hand attempt 1/10
2025-11-30 14:16:19,555 [DEBUG] ydotool click failed at (2924.0,1342.2): Command '['/usr/bin/ydotool', 'mousemove', '--absolute', '2924', '1342']' returned non-zero exit status 2.
2025-11-30 14:16:20,271 [DEBUG] ydotool click failed at (2243.0,1245.4): Command '['/usr/bin/ydotool', 'mousemove', '--absolute', '2243', '1245']' returned non-zero exit status 2.
2025-11-30 14:16:20,794 [DEBUG] ydotool click failed at (2000.1999999999998,1194.2): Command '['/usr/bin/ydotool', 'mousemove', '--absolute', '2000', '1194']' returned non-zero exit status 2.
2025-11-30 14:16:21,408 [DEBUG] ydotool key failed for space (57): Command '['/usr/bin/ydotool', 'key', '57:1', '57:0']' returned non-zero exit status 2.
2025-11-30 14:16:22,088 [DEBUG] ydotool key failed for enter (28): Command '['/usr/bin/ydotool', 'key', '28:1', '28:0']' returned non-zero exit status 2.
2025-11-30 14:16:23,137 [DEBUG] Keep-hand attempt 2/10
2025-11-30 14:16:23,138 [DEBUG] ydotool click failed at (2928.0,1335.2): Command '['/usr/bin/ydotool', 'mousemove', '--absolute', '2928', '1335']' returned non-zero exit status 2.
2025-11-30 14:16:23,839 [DEBUG] ydotool click failed at (2235.0,1233.4): Command '['/usr/bin/ydotool', 'mousemove', '--absolute', '2235', '1233']' returned non-zero exit status 2.
2025-11-30 14:16:24,295 [DEBUG] ydotool click failed at (2003.1999999999998,1202.2): Command '['/usr/bin/ydotool', 'mousemove', '--absolute', '2003', '1202']' returned non-zero exit status 2.
2025-11-30 14:16:24,969 [DEBUG] ydotool key failed for space (57): Command '['/usr/bin/ydotool', 'key', '57:1', '57:0']' returned non-zero exit status 2.
2025-11-30 14:16:25,349 [DEBUG] ydotool key failed for enter (28): Command '['/usr/bin/ydotool', 'key', '28:1', '28:0']' returned non-zero exit status 2.
2025-11-30 14:16:26,167 [DEBUG] Keep-hand attempt 3/10
2025-11-30 14:16:26,168 [DEBUG] ydotool click failed at (2918.0,1340.2): Command '['/usr/bin/ydotool', 'mousemove', '--absolute', '2918', '1340']' returned non-zero exit status 2.
2025-11-30 14:16:26,919 [DEBUG] ydotool click failed at (2229.0,1240.4): Command '['/usr/bin/ydotool', 'mousemove', '--absolute', '2229', '1240']' returned non-zero exit status 2.
2025-11-30 14:16:27,341 [DEBUG] ydotool click failed at (1989.1999999999998,1198.2): Command '['/usr/bin/ydotool', 'mousemove', '--absolute', '1989', '1198']' returned non-zero exit status 2.
2025-11-30 14:16:27,918 [DEBUG] ydotool key failed for space (57): Command '['/usr/bin/ydotool', 'key', '57:1', '57:0']' returned non-zero exit status 2.
2025-11-30 14:16:28,459 [DEBUG] ydotool key failed for enter (28): Command '['/usr/bin/ydotool', 'key', '28:1', '28:0']' returned non-zero exit status 2.
2025-11-30 14:16:29,267 [DEBUG] Keep-hand attempt 4/10
2025-11-30 14:16:29,268 [DEBUG] ydotool click failed at (2919.0,1335.2): Command '['/usr/bin/ydotool', 'mousemove', '--absolute', '2919', '1335']' returned non-zero exit status 2.
2025-11-30 14:16:29,994 [DEBUG] ydotool click failed at (2246.0,1237.4): Command '['/usr/bin/ydotool', 'mousemove', '--absolute', '2246', '1237']' returned non-zero exit status 2.
2025-11-30 14:16:30,461 [DEBUG] ydotool click failed at (1999.1999999999998,1199.2): Command '['/usr/bin/ydotool', 'mousemove', '--absolute', '1999', '1199']' returned non-zero exit status 2.
2025-11-30 14:16:31,080 [DEBUG] ydotool key failed for space (57): Command '['/usr/bin/ydotool', 'key', '57:1', '57:0']' returned non-zero exit status 2.
2025-11-30 14:16:31,696 [DEBUG] ydotool key failed for enter (28): Command '['/usr/bin/ydotool', 'key', '28:1', '28:0']' returned non-zero exit status 2.
2025-11-30 14:16:32,778 [DEBUG] Keep-hand attempt 5/10
2025-11-30 14:16:32,779 [DEBUG] ydotool click failed at (2925.0,1338.2): Command '['/usr/bin/ydotool', 'mousemove', '--absolute', '2925', '1338']' returned non-zero exit status 2.
2025-11-30 14:16:33,428 [DEBUG] ydotool click failed at (2234.0,1232.4): Command '['/usr/bin/ydotool', 'mousemove', '--absolute', '2234', '1232']' returned non-zero exit status 2.
2025-11-30 14:16:34,056 [DEBUG] ydotool click failed at (1992.1999999999998,1198.2): Command '['/usr/bin/ydotool', 'mousemove', '--absolute', '1992', '1198']' returned non-zero exit status 2.
2025-11-30 14:16:34,670 [DEBUG] ydotool key failed for space (57): Command '['/usr/bin/ydotool', 'key', '57:1', '57:0']' returned non-zero exit status 2.
2025-11-30 14:16:35,046 [DEBUG] ydotool key failed for enter (28): Command '['/usr/bin/ydotool', 'key', '28:1', '28:0']' returned non-zero exit status 2.
2025-11-30 14:16:35,877 [DEBUG] Keep-hand attempt 6/10
2025-11-30 14:16:35,878 [DEBUG] ydotool click failed at (2921.0,1334.2): Command '['/usr/bin/ydotool', 'mousemove', '--absolute', '2921', '1334']' returned non-zero exit status 2.
2025-11-30 14:16:36,359 [DEBUG] ydotool click failed at (2236.0,1244.4): Command '['/usr/bin/ydotool', 'mousemove', '--absolute', '2236', '1244']' returned non-zero exit status 2.
2025-11-30 14:16:36,745 [DEBUG] ydotool click failed at (1992.1999999999998,1202.2): Command '['/usr/bin/ydotool', 'mousemove', '--absolute', '1992', '1202']' returned non-zero exit status 2.
2025-11-30 14:16:37,326 [DEBUG] ydotool key failed for space (57): Command '['/usr/bin/ydotool', 'key', '57:1', '57:0']' returned non-zero exit status 2.
2025-11-30 14:16:38,050 [DEBUG] ydotool key failed for enter (28): Command '['/usr/bin/ydotool', 'key', '28:1', '28:0']' returned non-zero exit status 2.
2025-11-30 14:16:38,962 [DEBUG] Keep-hand attempt 7/10
2025-11-30 14:16:38,963 [DEBUG] ydotool click failed at (2918.0,1329.2): Command '['/usr/bin/ydotool', 'mousemove', '--absolute', '2918', '1329']' returned non-zero exit status 2.
2025-11-30 14:16:39,383 [DEBUG] ydotool click failed at (2231.0,1231.4): Command '['/usr/bin/ydotool', 'mousemove', '--absolute', '2231', '1231']' returned non-zero exit status 2.
2025-11-30 14:16:40,057 [DEBUG] ydotool click failed at (2000.1999999999998,1203.2): Command '['/usr/bin/ydotool', 'mousemove', '--absolute', '2000', '1203']' returned non-zero exit status 2.
2025-11-30 14:16:40,613 [DEBUG] ydotool key failed for space (57): Command '['/usr/bin/ydotool', 'key', '57:1', '57:0']' returned non-zero exit status 2.
2025-11-30 14:16:41,180 [DEBUG] ydotool key failed for enter (28): Command '['/usr/bin/ydotool', 'key', '28:1', '28:0']' returned non-zero exit status 2.
2025-11-30 14:16:41,979 [DEBUG] Keep-hand attempt 8/10
2025-11-30 14:16:41,980 [DEBUG] ydotool click failed at (2926.0,1339.2): Command '['/usr/bin/ydotool', 'mousemove', '--absolute', '2926', '1339']' returned non-zero exit status 2.
2025-11-30 14:16:42,758 [DEBUG] ydotool click failed at (2243.0,1235.4): Command '['/usr/bin/ydotool', 'mousemove', '--absolute', '2243', '1235']' returned non-zero exit status 2.
2025-11-30 14:16:43,451 [DEBUG] ydotool click failed at (1999.1999999999998,1186.2): Command '['/usr/bin/ydotool', 'mousemove', '--absolute', '1999', '1186']' returned non-zero exit status 2.
2025-11-30 14:16:44,137 [DEBUG] ydotool key failed for space (57): Command '['/usr/bin/ydotool', 'key', '57:1', '57:0']' returned non-zero exit status 2.
2025-11-30 14:16:44,878 [DEBUG] ydotool key failed for enter (28): Command '['/usr/bin/ydotool', 'key', '28:1', '28:0']' returned non-zero exit status 2.
2025-11-30 14:16:45,950 [DEBUG] Keep-hand attempt 9/10
2025-11-30 14:16:45,951 [DEBUG] ydotool click failed at (2918.0,1336.2): Command '['/usr/bin/ydotool', 'mousemove', '--absolute', '2918', '1336']' returned non-zero exit status 2.
2025-11-30 14:16:46,536 [DEBUG] ydotool click failed at (2237.0,1237.4): Command '['/usr/bin/ydotool', 'mousemove', '--absolute', '2237', '1237']' returned non-zero exit status 2.
2025-11-30 14:16:46,931 [DEBUG] ydotool click failed at (1987.1999999999998,1192.2): Command '['/usr/bin/ydotool', 'mousemove', '--absolute', '1987', '1192']' returned non-zero exit status 2.
2025-11-30 14:16:47,541 [DEBUG] ydotool key failed for space (57): Command '['/usr/bin/ydotool', 'key', '57:1', '57:0']' returned non-zero exit status 2.
2025-11-30 14:16:48,003 [DEBUG] ydotool key failed for enter (28): Command '['/usr/bin/ydotool', 'key', '28:1', '28:0']' returned non-zero exit status 2.
2025-11-30 14:16:48,868 [DEBUG] Keep-hand attempt 10/10
2025-11-30 14:16:48,869 [DEBUG] ydotool click failed at (2917.0,1336.2): Command '['/usr/bin/ydotool', 'mousemove', '--absolute', '2917', '1336']' returned non-zero exit status 2.
2025-11-30 14:16:49,429 [DEBUG] ydotool click failed at (2234.0,1243.4): Command '['/usr/bin/ydotool', 'mousemove', '--absolute', '2234', '1243']' returned non-zero exit status 2.
2025-11-30 14:16:49,990 [DEBUG] ydotool click failed at (1993.1999999999998,1195.2): Command '['/usr/bin/ydotool', 'mousemove', '--absolute', '1993', '1195']' returned non-zero exit status 2.
2025-11-30 14:16:50,681 [DEBUG] ydotool key failed for space (57): Command '['/usr/bin/ydotool', 'key', '57:1', '57:0']' returned non-zero exit status 2.
2025-11-30 14:16:51,137 [DEBUG] ydotool key failed for enter (28): Command '['/usr/bin/ydotool', 'key', '28:1', '28:0']' returned non-zero exit status 2.
2025-11-30 14:16:51,903 [DEBUG] Event: LogEvent(event_type=<EventType.MATCH_START: 4>, payload={'scene': 'battlefield_woe'})
2025-11-30 14:16:51,903 [INFO] Action: ActionType.KEEP_HAND (Accept starting hand by default)
2025-11-30 14:16:52,504 [DEBUG] ydotool click failed at (1719.0,293.0): Command '['/usr/bin/ydotool', 'mousemove', '--absolute', '1719', '293']' returned non-zero exit status 2.
2025-11-30 14:16:52,959 [DEBUG] Keep-hand attempt 1/10
2025-11-30 14:16:52,960 [DEBUG] ydotool click failed at (2925.0,1337.2): Command '['/usr/bin/ydotool', 'mousemove', '--absolute', '2925', '1337']' returned non-zero exit status 2.
2025-11-30 14:16:53,563 [DEBUG] ydotool click failed at (2235.0,1228.4): Command '['/usr/bin/ydotool', 'mousemove', '--absolute', '2235', '1228']' returned non-zero exit status 2.
2025-11-30 14:16:54,034 [DEBUG] ydotool click failed at (1988.1999999999998,1201.2): Command '['/usr/bin/ydotool', 'mousemove', '--absolute', '1988', '1201']' returned non-zero exit status 2.
2025-11-30 14:16:54,616 [DEBUG] ydotool key failed for space (57): Command '['/usr/bin/ydotool', 'key', '57:1', '57:0']' returned non-zero exit status 2.
2025-11-30 14:16:55,036 [DEBUG] ydotool key failed for enter (28): Command '['/usr/bin/ydotool', 'key', '28:1', '28:0']' returned non-zero exit status 2.
2025-11-30 14:41:17,576 [INFO] Starting MTGA bot with config at config.json
2025-11-30 14:41:17,576 [INFO] Using configured log path: /home/barrylim/.local/share/Steam/steamapps/compatdata/2141910/pfx/drive_c/users/steamuser/AppData/LocalLow/Wizards Of The Coast/MTGA/Player.log
2025-11-30 14:41:17,617 [INFO] Loaded card database from cards.json
2025-11-30 14:41:21,618 [DEBUG] Unparsed log line (idle): Could not find BladeQueueInfo for QueueType: Ranked
2025-11-30 14:41:21,618 [DEBUG] Unparsed log line (idle): Can't find pet for deck Goblins Everywhere! (4792e924-c693-4b06-b4e7-31bfeedd610d)
2025-11-30 14:41:23,618 [DEBUG] Unparsed log line (idle): Unloading 4 Unused Serialized files (Serialized files now loaded: 281)
2025-11-30 14:41:23,618 [DEBUG] Unparsed log line (idle): Unloading 12706 unused Assets to reduce memory usage. Loaded Objects now: 24634.
2025-11-30 14:41:23,619 [DEBUG] Unparsed log line (idle): Total: 64.542300 ms (FindLiveObjects: 1.745500 ms CreateObjectMapping: 1.809500 ms MarkObjects: 54.594200 ms  DeleteObjects: 6.392400 ms)
2025-11-30 14:41:24,619 [DEBUG] Event: LogEvent(event_type=<EventType.QUEUE_ENTERED: 6>, payload={'state': 'ConnectedToMatchDoor_ConnectingToGRE'})
2025-11-30 14:41:24,619 [INFO] Action: ActionType.WAIT (Waiting for opponent)
2025-11-30 14:41:25,021 [DEBUG] Event: LogEvent(event_type=<EventType.QUEUE_ENTERED: 6>, payload={'state': 'ConnectedToMatchDoor_ConnectedToGRE_Waiting'})
2025-11-30 14:41:25,022 [INFO] Action: ActionType.WAIT (Waiting for opponent)
2025-11-30 14:41:25,547 [DEBUG] Event: LogEvent(event_type=<EventType.MATCH_START: 4>, payload={'state': 'Playing'})
2025-11-30 14:41:25,547 [INFO] Action: ActionType.KEEP_HAND (Keep opening hand once per match)
2025-11-30 14:41:26,307 [DEBUG] ydotool click failed at (1710.0,287.0): Command '['/usr/bin/ydotool', 'mousemove', '--absolute', '1710', '287']' returned non-zero exit status 2.
2025-11-30 14:41:26,785 [DEBUG] Keep-hand attempt 1/10
2025-11-30 14:41:26,786 [DEBUG] ydotool click failed at (2933.0,1334.2): Command '['/usr/bin/ydotool', 'mousemove', '--absolute', '2933', '1334']' returned non-zero exit status 2.
2025-11-30 14:41:27,192 [DEBUG] ydotool click failed at (2232.0,1234.4): Command '['/usr/bin/ydotool', 'mousemove', '--absolute', '2232', '1234']' returned non-zero exit status 2.
2025-11-30 14:41:27,924 [DEBUG] ydotool click failed at (2000.1999999999998,1199.2): Command '['/usr/bin/ydotool', 'mousemove', '--absolute', '2000', '1199']' returned non-zero exit status 2.
2025-11-30 14:41:28,342 [DEBUG] ydotool key failed for space (57): Command '['/usr/bin/ydotool', 'key', '57:1', '57:0']' returned non-zero exit status 2.
2025-11-30 14:41:29,093 [DEBUG] ydotool key failed for enter (28): Command '['/usr/bin/ydotool', 'key', '28:1', '28:0']' returned non-zero exit status 2.
2025-11-30 14:41:30,143 [DEBUG] Keep-hand attempt 2/10
2025-11-30 14:41:30,144 [DEBUG] ydotool click failed at (2919.0,1329.2): Command '['/usr/bin/ydotool', 'mousemove', '--absolute', '2919', '1329']' returned non-zero exit status 2.
2025-11-30 14:41:30,562 [DEBUG] ydotool click failed at (2236.0,1239.4): Command '['/usr/bin/ydotool', 'mousemove', '--absolute', '2236', '1239']' returned non-zero exit status 2.
2025-11-30 14:41:31,208 [DEBUG] ydotool click failed at (2000.1999999999998,1201.2): Command '['/usr/bin/ydotool', 'mousemove', '--absolute', '2000', '1201']' returned non-zero exit status 2.
2025-11-30 14:41:31,949 [DEBUG] ydotool key failed for space (57): Command '['/usr/bin/ydotool', 'key', '57:1', '57:0']' returned non-zero exit status 2.
2025-11-30 14:41:32,671 [DEBUG] ydotool key failed for enter (28): Command '['/usr/bin/ydotool', 'key', '28:1', '28:0']' returned non-zero exit status 2.
2025-11-30 14:41:33,684 [DEBUG] Keep-hand attempt 3/10
2025-11-30 14:41:33,685 [DEBUG] ydotool click failed at (2914.0,1349.2): Command '['/usr/bin/ydotool', 'mousemove', '--absolute', '2914', '1349']' returned non-zero exit status 2.
2025-11-30 14:41:34,451 [DEBUG] ydotool click failed at (2231.0,1232.4): Command '['/usr/bin/ydotool', 'mousemove', '--absolute', '2231', '1232']' returned non-zero exit status 2.
2025-11-30 14:41:35,158 [DEBUG] ydotool click failed at (2005.1999999999998,1201.2): Command '['/usr/bin/ydotool', 'mousemove', '--absolute', '2005', '1201']' returned non-zero exit status 2.
2025-11-30 14:41:35,579 [DEBUG] ydotool key failed for space (57): Command '['/usr/bin/ydotool', 'key', '57:1', '57:0']' returned non-zero exit status 2.
2025-11-30 14:41:36,320 [DEBUG] ydotool key failed for enter (28): Command '['/usr/bin/ydotool', 'key', '28:1', '28:0']' returned non-zero exit status 2.
2025-11-30 14:41:37,289 [DEBUG] Keep-hand attempt 4/10
2025-11-30 14:41:37,290 [DEBUG] ydotool click failed at (2931.0,1344.2): Command '['/usr/bin/ydotool', 'mousemove', '--absolute', '2931', '1344']' returned non-zero exit status 2.
2025-11-30 14:41:37,966 [DEBUG] ydotool click failed at (2240.0,1239.4): Command '['/usr/bin/ydotool', 'mousemove', '--absolute', '2240', '1239']' returned non-zero exit status 2.
2025-11-30 14:41:38,391 [DEBUG] ydotool click failed at (1993.1999999999998,1189.2): Command '['/usr/bin/ydotool', 'mousemove', '--absolute', '1993', '1189']' returned non-zero exit status 2.
2025-11-30 14:41:38,900 [DEBUG] ydotool key failed for space (57): Command '['/usr/bin/ydotool', 'key', '57:1', '57:0']' returned non-zero exit status 2.
2025-11-30 14:41:39,550 [DEBUG] ydotool key failed for enter (28): Command '['/usr/bin/ydotool', 'key', '28:1', '28:0']' returned non-zero exit status 2.
2025-11-30 14:41:40,664 [DEBUG] Keep-hand attempt 5/10
2025-11-30 14:41:40,665 [DEBUG] ydotool click failed at (2932.0,1345.2): Command '['/usr/bin/ydotool', 'mousemove', '--absolute', '2932', '1345']' returned non-zero exit status 2.
2025-11-30 14:41:41,439 [DEBUG] ydotool click failed at (2231.0,1243.4): Command '['/usr/bin/ydotool', 'mousemove', '--absolute', '2231', '1243']' returned non-zero exit status 2.
2025-11-30 14:41:42,017 [DEBUG] ydotool click failed at (1986.1999999999998,1192.2): Command '['/usr/bin/ydotool', 'mousemove', '--absolute', '1986', '1192']' returned non-zero exit status 2.
2025-11-30 14:41:42,422 [DEBUG] ydotool key failed for space (57): Command '['/usr/bin/ydotool', 'key', '57:1', '57:0']' returned non-zero exit status 2.
2025-11-30 14:41:43,125 [DEBUG] ydotool key failed for enter (28): Command '['/usr/bin/ydotool', 'key', '28:1', '28:0']' returned non-zero exit status 2.
2025-11-30 14:41:44,211 [DEBUG] Keep-hand attempt 6/10
2025-11-30 14:41:44,212 [DEBUG] ydotool click failed at (2924.0,1336.2): Command '['/usr/bin/ydotool', 'mousemove', '--absolute', '2924', '1336']' returned non-zero exit status 2.
2025-11-30 14:41:44,909 [DEBUG] ydotool click failed at (2239.0,1238.4): Command '['/usr/bin/ydotool', 'mousemove', '--absolute', '2239', '1238']' returned non-zero exit status 2.
2025-11-30 14:41:45,320 [DEBUG] ydotool click failed at (2004.1999999999998,1188.2): Command '['/usr/bin/ydotool', 'mousemove', '--absolute', '2004', '1188']' returned non-zero exit status 2.
2025-11-30 14:41:46,025 [DEBUG] ydotool key failed for space (57): Command '['/usr/bin/ydotool', 'key', '57:1', '57:0']' returned non-zero exit status 2.
2025-11-30 14:41:46,636 [DEBUG] ydotool key failed for enter (28): Command '['/usr/bin/ydotool', 'key', '28:1', '28:0']' returned non-zero exit status 2.
2025-11-30 14:41:47,535 [DEBUG] Keep-hand attempt 7/10
2025-11-30 14:41:47,536 [DEBUG] ydotool click failed at (2914.0,1340.2): Command '['/usr/bin/ydotool', 'mousemove', '--absolute', '2914', '1340']' returned non-zero exit status 2.
2025-11-30 14:41:48,183 [DEBUG] ydotool click failed at (2226.0,1230.4): Command '['/usr/bin/ydotool', 'mousemove', '--absolute', '2226', '1230']' returned non-zero exit status 2.
2025-11-30 14:41:48,699 [DEBUG] ydotool click failed at (1999.1999999999998,1195.2): Command '['/usr/bin/ydotool', 'mousemove', '--absolute', '1999', '1195']' returned non-zero exit status 2.
2025-11-30 14:41:49,208 [DEBUG] ydotool key failed for space (57): Command '['/usr/bin/ydotool', 'key', '57:1', '57:0']' returned non-zero exit status 2.
2025-11-30 14:41:49,775 [DEBUG] ydotool key failed for enter (28): Command '['/usr/bin/ydotool', 'key', '28:1', '28:0']' returned non-zero exit status 2.
2025-11-30 14:41:50,820 [DEBUG] Keep-hand attempt 8/10
2025-11-30 14:41:50,821 [DEBUG] ydotool click failed at (2918.0,1338.2): Command '['/usr/bin/ydotool', 'mousemove', '--absolute', '2918', '1338']' returned non-zero exit status 2.
2025-11-30 14:41:51,535 [DEBUG] ydotool click failed at (2227.0,1244.4): Command '['/usr/bin/ydotool', 'mousemove', '--absolute', '2227', '1244']' returned non-zero exit status 2.
2025-11-30 14:41:52,134 [DEBUG] ydotool click failed at (1988.1999999999998,1190.2): Command '['/usr/bin/ydotool', 'mousemove', '--absolute', '1988', '1190']' returned non-zero exit status 2.
2025-11-30 14:41:52,592 [DEBUG] ydotool key failed for space (57): Command '['/usr/bin/ydotool', 'key', '57:1', '57:0']' returned non-zero exit status 2.
2025-11-30 14:41:53,005 [DEBUG] ydotool key failed for enter (28): Command '['/usr/bin/ydotool', 'key', '28:1', '28:0']' returned non-zero exit status 2.
2025-11-30 14:41:53,839 [DEBUG] Keep-hand attempt 9/10
2025-11-30 14:41:53,840 [DEBUG] ydotool click failed at (2925.0,1339.2): Command '['/usr/bin/ydotool', 'mousemove', '--absolute', '2925', '1339']' returned non-zero exit status 2.
2025-11-30 14:41:54,426 [DEBUG] ydotool click failed at (2243.0,1238.4): Command '['/usr/bin/ydotool', 'mousemove', '--absolute', '2243', '1238']' returned non-zero exit status 2.
2025-11-30 14:41:54,975 [DEBUG] ydotool click failed at (1995.1999999999998,1200.2): Command '['/usr/bin/ydotool', 'mousemove', '--absolute', '1995', '1200']' returned non-zero exit status 2.
2025-11-30 14:41:55,575 [DEBUG] ydotool key failed for space (57): Command '['/usr/bin/ydotool', 'key', '57:1', '57:0']' returned non-zero exit status 2.
2025-11-30 14:41:56,035 [DEBUG] ydotool key failed for enter (28): Command '['/usr/bin/ydotool', 'key', '28:1', '28:0']' returned non-zero exit status 2.
2025-11-30 14:41:57,020 [DEBUG] Keep-hand attempt 10/10
2025-11-30 14:41:57,021 [DEBUG] ydotool click failed at (2915.0,1343.2): Command '['/usr/bin/ydotool', 'mousemove', '--absolute', '2915', '1343']' returned non-zero exit status 2.
2025-11-30 14:41:57,549 [DEBUG] ydotool click failed at (2236.0,1230.4): Command '['/usr/bin/ydotool', 'mousemove', '--absolute', '2236', '1230']' returned non-zero exit status 2.
2025-11-30 14:41:58,092 [DEBUG] ydotool click failed at (1985.1999999999998,1203.2): Command '['/usr/bin/ydotool', 'mousemove', '--absolute', '1985', '1203']' returned non-zero exit status 2.
2025-11-30 14:41:58,759 [DEBUG] ydotool key failed for space (57): Command '['/usr/bin/ydotool', 'key', '57:1', '57:0']' returned non-zero exit status 2.
2025-11-30 14:41:59,236 [DEBUG] ydotool key failed for enter (28): Command '['/usr/bin/ydotool', 'key', '28:1', '28:0']' returned non-zero exit status 2.
2025-11-30 14:42:00,164 [DEBUG] Event: LogEvent(event_type=<EventType.MATCH_START: 4>, payload={'scene': 'battlefield_fin'})
2025-11-30 14:42:00,164 [INFO] Action: ActionType.KEEP_HAND (Accept starting hand by default)
2025-11-30 14:42:00,765 [DEBUG] ydotool click failed at (1730.0,279.0): Command '['/usr/bin/ydotool', 'mousemove', '--absolute', '1730', '279']' returned non-zero exit status 2.
2025-11-30 14:42:01,215 [DEBUG] Keep-hand attempt 1/10
2025-11-30 14:42:01,216 [DEBUG] ydotool click failed at (2918.0,1342.2): Command '['/usr/bin/ydotool', 'mousemove', '--absolute', '2918', '1342']' returned non-zero exit status 2.
2025-11-30 14:42:01,905 [DEBUG] ydotool click failed at (2226.0,1229.4): Command '['/usr/bin/ydotool', 'mousemove', '--absolute', '2226', '1229']' returned non-zero exit status 2.
2025-11-30 14:42:02,461 [DEBUG] ydotool click failed at (1989.1999999999998,1192.2): Command '['/usr/bin/ydotool', 'mousemove', '--absolute', '1989', '1192']' returned non-zero exit status 2.
2025-11-30 14:42:03,101 [DEBUG] ydotool key failed for space (57): Command '['/usr/bin/ydotool', 'key', '57:1', '57:0']' returned non-zero exit status 2.
2025-11-30 14:42:03,610 [DEBUG] ydotool key failed for enter (28): Command '['/usr/bin/ydotool', 'key', '28:1', '28:0']' returned non-zero exit status 2.
2025-11-30 14:42:04,386 [DEBUG] Keep-hand attempt 2/10
2025-11-30 14:42:04,387 [DEBUG] ydotool click failed at (2919.0,1347.2): Command '['/usr/bin/ydotool', 'mousemove', '--absolute', '2919', '1347']' returned non-zero exit status 2.
2025-11-30 14:42:04,800 [DEBUG] ydotool click failed at (2237.0,1234.4): Command '['/usr/bin/ydotool', 'mousemove', '--absolute', '2237', '1234']' returned non-zero exit status 2.
2025-11-30 14:42:05,467 [DEBUG] ydotool click failed at (1992.1999999999998,1198.2): Command '['/usr/bin/ydotool', 'mousemove', '--absolute', '1992', '1198']' returned non-zero exit status 2.
2025-11-30 14:42:05,989 [DEBUG] ydotool key failed for space (57): Command '['/usr/bin/ydotool', 'key', '57:1', '57:0']' returned non-zero exit status 2.
2025-11-30 14:42:06,475 [DEBUG] ydotool key failed for enter (28): Command '['/usr/bin/ydotool', 'key', '28:1', '28:0']' returned non-zero exit status 2.
2025-11-30 14:42:07,483 [DEBUG] Keep-hand attempt 3/10
2025-11-30 14:42:07,484 [DEBUG] ydotool click failed at (2916.0,1334.2): Command '['/usr/bin/ydotool', 'mousemove', '--absolute', '2916', '1334']' returned non-zero exit status 2.
2025-11-30 14:42:08,047 [DEBUG] ydotool click failed at (2236.0,1248.4): Command '['/usr/bin/ydotool', 'mousemove', '--absolute', '2236', '1248']' returned non-zero exit status 2.
2025-11-30 14:42:08,735 [DEBUG] ydotool click failed at (2001.1999999999998,1195.2): Command '['/usr/bin/ydotool', 'mousemove', '--absolute', '2001', '1195']' returned non-zero exit status 2.
2025-11-30 14:42:09,133 [DEBUG] ydotool key failed for space (57): Command '['/usr/bin/ydotool', 'key', '57:1', '57:0']' returned non-zero exit status 2.
2025-11-30 14:42:09,691 [DEBUG] ydotool key failed for enter (28): Command '['/usr/bin/ydotool', 'key', '28:1', '28:0']' returned non-zero exit status 2.
2025-11-30 14:42:10,647 [DEBUG] Keep-hand attempt 4/10
2025-11-30 14:42:10,648 [DEBUG] ydotool click failed at (2915.0,1346.2): Command '['/usr/bin/ydotool', 'mousemove', '--absolute', '2915', '1346']' returned non-zero exit status 2.
2025-11-30 14:42:11,428 [DEBUG] ydotool click failed at (2241.0,1243.4): Command '['/usr/bin/ydotool', 'mousemove', '--absolute', '2241', '1243']' returned non-zero exit status 2.
2025-11-30 14:42:11,823 [DEBUG] ydotool click failed at (1991.1999999999998,1191.2): Command '['/usr/bin/ydotool', 'mousemove', '--absolute', '1991', '1191']' returned non-zero exit status 2.
2025-11-30 14:42:12,522 [DEBUG] ydotool key failed for space (57): Command '['/usr/bin/ydotool', 'key', '57:1', '57:0']' returned non-zero exit status 2.
2025-11-30 14:42:13,204 [DEBUG] ydotool key failed for enter (28): Command '['/usr/bin/ydotool', 'key', '28:1', '28:0']' returned non-zero exit status 2.
2025-11-30 14:42:14,344 [DEBUG] Keep-hand attempt 5/10
2025-11-30 14:42:14,346 [DEBUG] ydotool click failed at (2914.0,1347.2): Command '['/usr/bin/ydotool', 'mousemove', '--absolute', '2914', '1347']' returned non-zero exit status 2.
2025-11-30 14:42:14,910 [DEBUG] ydotool click failed at (2226.0,1233.4): Command '['/usr/bin/ydotool', 'mousemove', '--absolute', '2226', '1233']' returned non-zero exit status 2.
2025-11-30 14:42:15,407 [DEBUG] ydotool click failed at (1986.1999999999998,1202.2): Command '['/usr/bin/ydotool', 'mousemove', '--absolute', '1986', '1202']' returned non-zero exit status 2.
2025-11-30 14:42:16,075 [DEBUG] ydotool key failed for space (57): Command '['/usr/bin/ydotool', 'key', '57:1', '57:0']' returned non-zero exit status 2.
2025-11-30 14:42:16,756 [DEBUG] ydotool key failed for enter (28): Command '['/usr/bin/ydotool', 'key', '28:1', '28:0']' returned non-zero exit status 2.
2025-11-30 14:42:17,825 [DEBUG] Keep-hand attempt 6/10
2025-11-30 14:42:17,826 [DEBUG] ydotool click failed at (2933.0,1349.2): Command '['/usr/bin/ydotool', 'mousemove', '--absolute', '2933', '1349']' returned non-zero exit status 2.
2025-11-30 14:42:18,417 [DEBUG] ydotool click failed at (2243.0,1242.4): Command '['/usr/bin/ydotool', 'mousemove', '--absolute', '2243', '1242']' returned non-zero exit status 2.
2025-11-30 14:42:18,895 [DEBUG] ydotool click failed at (1998.1999999999998,1201.2): Command '['/usr/bin/ydotool', 'mousemove', '--absolute', '1998', '1201']' returned non-zero exit status 2.
2025-11-30 14:42:19,627 [DEBUG] ydotool key failed for space (57): Command '['/usr/bin/ydotool', 'key', '57:1', '57:0']' returned non-zero exit status 2.
2025-11-30 14:42:20,098 [DEBUG] ydotool key failed for enter (28): Command '['/usr/bin/ydotool', 'key', '28:1', '28:0']' returned non-zero exit status 2.
2025-11-30 14:42:21,231 [DEBUG] Keep-hand attempt 7/10
2025-11-30 14:42:21,232 [DEBUG] ydotool click failed at (2921.0,1341.2): Command '['/usr/bin/ydotool', 'mousemove', '--absolute', '2921', '1341']' returned non-zero exit status 2.
2025-11-30 14:42:21,717 [DEBUG] ydotool click failed at (2243.0,1230.4): Command '['/usr/bin/ydotool', 'mousemove', '--absolute', '2243', '1230']' returned non-zero exit status 2.
2025-11-30 14:42:22,336 [DEBUG] ydotool click failed at (1993.1999999999998,1202.2): Command '['/usr/bin/ydotool', 'mousemove', '--absolute', '1993', '1202']' returned non-zero exit status 2.
2025-11-30 14:42:23,099 [DEBUG] ydotool key failed for space (57): Command '['/usr/bin/ydotool', 'key', '57:1', '57:0']' returned non-zero exit status 2.
2025-11-30 14:42:23,731 [DEBUG] ydotool key failed for enter (28): Command '['/usr/bin/ydotool', 'key', '28:1', '28:0']' returned non-zero exit status 2.
2025-11-30 14:42:24,831 [DEBUG] Keep-hand attempt 8/10
2025-11-30 14:42:24,832 [DEBUG] ydotool click failed at (2927.0,1332.2): Command '['/usr/bin/ydotool', 'mousemove', '--absolute', '2927', '1332']' returned non-zero exit status 2.
2025-11-30 14:42:25,274 [DEBUG] ydotool click failed at (2236.0,1231.4): Command '['/usr/bin/ydotool', 'mousemove', '--absolute', '2236', '1231']' returned non-zero exit status 2.
2025-11-30 14:42:25,916 [DEBUG] ydotool click failed at (1992.1999999999998,1194.2): Command '['/usr/bin/ydotool', 'mousemove', '--absolute', '1992', '1194']' returned non-zero exit status 2.
2025-11-30 14:42:26,697 [DEBUG] ydotool key failed for space (57): Command '['/usr/bin/ydotool', 'key', '57:1', '57:0']' returned non-zero exit status 2.
2025-11-30 14:42:27,359 [DEBUG] ydotool key failed for enter (28): Command '['/usr/bin/ydotool', 'key', '28:1', '28:0']' returned non-zero exit status 2.
2025-11-30 14:42:28,443 [DEBUG] Keep-hand attempt 9/10
2025-11-30 14:42:28,444 [DEBUG] ydotool click failed at (2924.0,1335.2): Command '['/usr/bin/ydotool', 'mousemove', '--absolute', '2924', '1335']' returned non-zero exit status 2.
2025-11-30 14:42:29,127 [DEBUG] ydotool click failed at (2228.0,1242.4): Command '['/usr/bin/ydotool', 'mousemove', '--absolute', '2228', '1242']' returned non-zero exit status 2.
2025-11-30 14:42:29,650 [DEBUG] ydotool click failed at (2001.1999999999998,1195.2): Command '['/usr/bin/ydotool', 'mousemove', '--absolute', '2001', '1195']' returned non-zero exit status 2.
2025-11-30 14:42:30,134 [DEBUG] ydotool key failed for space (57): Command '['/usr/bin/ydotool', 'key', '57:1', '57:0']' returned non-zero exit status 2.
2025-11-30 14:42:30,601 [DEBUG] ydotool key failed for enter (28): Command '['/usr/bin/ydotool', 'key', '28:1', '28:0']' returned non-zero exit status 2.
2025-11-30 14:42:31,556 [DEBUG] Keep-hand attempt 10/10
2025-11-30 14:42:31,557 [DEBUG] ydotool click failed at (2932.0,1341.2): Command '['/usr/bin/ydotool', 'mousemove', '--absolute', '2932', '1341']' returned non-zero exit status 2.
2025-11-30 14:42:32,077 [DEBUG] ydotool click failed at (2241.0,1237.4): Command '['/usr/bin/ydotool', 'mousemove', '--absolute', '2241', '1237']' returned non-zero exit status 2.
2025-11-30 14:42:32,664 [DEBUG] ydotool click failed at (1994.1999999999998,1195.2): Command '['/usr/bin/ydotool', 'mousemove', '--absolute', '1994', '1195']' returned non-zero exit status 2.
2025-11-30 14:42:33,060 [DEBUG] ydotool key failed for space (57): Command '['/usr/bin/ydotool', 'key', '57:1', '57:0']' returned non-zero exit status 2.
2025-11-30 14:42:33,619 [DEBUG] ydotool key failed for enter (28): Command '['/usr/bin/ydotool', 'key', '28:1', '28:0']' returned non-zero exit status 2.
2025-11-30 14:42:34,622 [DEBUG] Event: LogEvent(event_type=<EventType.MATCH_START: 4>, payload={'scene': 'duelscene'})
2025-11-30 14:42:34,623 [INFO] Action: ActionType.KEEP_HAND (Accept starting hand by default)
2025-11-30 14:42:35,223 [DEBUG] ydotool click failed at (1714.0,278.0): Command '['/usr/bin/ydotool', 'mousemove', '--absolute', '1714', '278']' returned non-zero exit status 2.
2025-11-30 14:42:35,916 [DEBUG] Keep-hand attempt 1/10
2025-11-30 14:42:35,917 [DEBUG] ydotool click failed at (2922.0,1336.2): Command '['/usr/bin/ydotool', 'mousemove', '--absolute', '2922', '1336']' returned non-zero exit status 2.
2025-11-30 14:42:36,383 [DEBUG] ydotool click failed at (2233.0,1240.4): Command '['/usr/bin/ydotool', 'mousemove', '--absolute', '2233', '1240']' returned non-zero exit status 2.
2025-11-30 14:42:36,952 [DEBUG] ydotool click failed at (1996.1999999999998,1194.2): Command '['/usr/bin/ydotool', 'mousemove', '--absolute', '1996', '1194']' returned non-zero exit status 2.
2025-11-30 14:42:37,586 [DEBUG] ydotool key failed for space (57): Command '['/usr/bin/ydotool', 'key', '57:1', '57:0']' returned non-zero exit status 2.
2025-11-30 14:42:38,322 [DEBUG] ydotool key failed for enter (28): Command '['/usr/bin/ydotool', 'key', '28:1', '28:0']' returned non-zero exit status 2.
2025-11-30 14:42:39,155 [DEBUG] Keep-hand attempt 2/10
2025-11-30 14:42:39,156 [DEBUG] ydotool click failed at (2931.0,1346.2): Command '['/usr/bin/ydotool', 'mousemove', '--absolute', '2931', '1346']' returned non-zero exit status 2.
2025-11-30 14:42:39,638 [DEBUG] ydotool click failed at (2241.0,1235.4): Command '['/usr/bin/ydotool', 'mousemove', '--absolute', '2241', '1235']' returned non-zero exit status 2.
2025-11-30 14:42:40,406 [DEBUG] ydotool click failed at (1988.1999999999998,1194.2): Command '['/usr/bin/ydotool', 'mousemove', '--absolute', '1988', '1194']' returned non-zero exit status 2.
2025-11-30 14:42:40,855 [DEBUG] ydotool key failed for space (57): Command '['/usr/bin/ydotool', 'key', '57:1', '57:0']' returned non-zero exit status 2.
2025-11-30 14:42:41,432 [DEBUG] ydotool key failed for enter (28): Command '['/usr/bin/ydotool', 'key', '28:1', '28:0']' returned non-zero exit status 2.
2025-11-30 14:42:42,438 [DEBUG] Keep-hand attempt 3/10
2025-11-30 14:42:42,439 [DEBUG] ydotool click failed at (2921.0,1345.2): Command '['/usr/bin/ydotool', 'mousemove', '--absolute', '2921', '1345']' returned non-zero exit status 2.
2025-11-30 14:42:42,936 [DEBUG] ydotool click failed at (2240.0,1228.4): Command '['/usr/bin/ydotool', 'mousemove', '--absolute', '2240', '1228']' returned non-zero exit status 2.
2025-11-30 14:42:43,620 [DEBUG] ydotool click failed at (2000.1999999999998,1202.2): Command '['/usr/bin/ydotool', 'mousemove', '--absolute', '2000', '1202']' returned non-zero exit status 2.
2025-11-30 14:42:44,269 [DEBUG] ydotool key failed for space (57): Command '['/usr/bin/ydotool', 'key', '57:1', '57:0']' returned non-zero exit status 2.
2025-11-30 14:42:44,782 [DEBUG] ydotool key failed for enter (28): Command '['/usr/bin/ydotool', 'key', '28:1', '28:0']' returned non-zero exit status 2.
2025-11-30 14:42:45,847 [DEBUG] Keep-hand attempt 4/10
2025-11-30 14:42:45,848 [DEBUG] ydotool click failed at (2932.0,1335.2): Command '['/usr/bin/ydotool', 'mousemove', '--absolute', '2932', '1335']' returned non-zero exit status 2.
2025-11-30 14:42:46,437 [DEBUG] ydotool click failed at (2227.0,1228.4): Command '['/usr/bin/ydotool', 'mousemove', '--absolute', '2227', '1228']' returned non-zero exit status 2.
2025-11-30 14:42:47,042 [DEBUG] ydotool click failed at (2003.1999999999998,1205.2): Command '['/usr/bin/ydotool', 'mousemove', '--absolute', '2003', '1205']' returned non-zero exit status 2.
2025-11-30 14:42:47,683 [DEBUG] ydotool key failed for space (57): Command '['/usr/bin/ydotool', 'key', '57:1', '57:0']' returned non-zero exit status 2.
2025-11-30 14:42:48,262 [DEBUG] ydotool key failed for enter (28): Command '['/usr/bin/ydotool', 'key', '28:1', '28:0']' returned non-zero exit status 2.
2025-11-30 14:42:49,138 [DEBUG] Keep-hand attempt 5/10
2025-11-30 14:42:49,139 [DEBUG] ydotool click failed at (2919.0,1337.2): Command '['/usr/bin/ydotool', 'mousemove', '--absolute', '2919', '1337']' returned non-zero exit status 2.
2025-11-30 14:42:49,757 [DEBUG] ydotool click failed at (2229.0,1236.4): Command '['/usr/bin/ydotool', 'mousemove', '--absolute', '2229', '1236']' returned non-zero exit status 2.
2025-11-30 14:42:50,322 [DEBUG] ydotool click failed at (1991.1999999999998,1192.2): Command '['/usr/bin/ydotool', 'mousemove', '--absolute', '1991', '1192']' returned non-zero exit status 2.
2025-11-30 14:42:50,973 [DEBUG] ydotool key failed for space (57): Command '['/usr/bin/ydotool', 'key', '57:1', '57:0']' returned non-zero exit status 2.
2025-11-30 14:42:51,646 [DEBUG] ydotool key failed for enter (28): Command '['/usr/bin/ydotool', 'key', '28:1', '28:0']' returned non-zero exit status 2.
2025-11-30 14:42:52,634 [DEBUG] Keep-hand attempt 6/10
2025-11-30 14:42:52,635 [DEBUG] ydotool click failed at (2919.0,1341.2): Command '['/usr/bin/ydotool', 'mousemove', '--absolute', '2919', '1341']' returned non-zero exit status 2.
2025-11-30 14:42:53,393 [DEBUG] ydotool click failed at (2230.0,1231.4): Command '['/usr/bin/ydotool', 'mousemove', '--absolute', '2230', '1231']' returned non-zero exit status 2.
2025-11-30 14:42:54,156 [DEBUG] ydotool click failed at (2002.1999999999998,1185.2): Command '['/usr/bin/ydotool', 'mousemove', '--absolute', '2002', '1185']' returned non-zero exit status 2.
2025-11-30 14:42:54,890 [DEBUG] ydotool key failed for space (57): Command '['/usr/bin/ydotool', 'key', '57:1', '57:0']' returned non-zero exit status 2.
2025-11-30 14:42:55,464 [DEBUG] ydotool key failed for enter (28): Command '['/usr/bin/ydotool', 'key', '28:1', '28:0']' returned non-zero exit status 2.
2025-11-30 14:42:56,376 [DEBUG] Keep-hand attempt 7/10
2025-11-30 14:42:56,377 [DEBUG] ydotool click failed at (2924.0,1348.2): Command '['/usr/bin/ydotool', 'mousemove', '--absolute', '2924', '1348']' returned non-zero exit status 2.
2025-11-30 14:42:56,795 [DEBUG] ydotool click failed at (2226.0,1228.4): Command '['/usr/bin/ydotool', 'mousemove', '--absolute', '2226', '1228']' returned non-zero exit status 2.
2025-11-30 14:42:57,391 [DEBUG] ydotool click failed at (1987.1999999999998,1194.2): Command '['/usr/bin/ydotool', 'mousemove', '--absolute', '1987', '1194']' returned non-zero exit status 2.
2025-11-30 14:42:58,029 [DEBUG] ydotool key failed for space (57): Command '['/usr/bin/ydotool', 'key', '57:1', '57:0']' returned non-zero exit status 2.
2025-11-30 14:42:58,494 [DEBUG] ydotool key failed for enter (28): Command '['/usr/bin/ydotool', 'key', '28:1', '28:0']' returned non-zero exit status 2.
2025-11-30 14:42:59,413 [DEBUG] Keep-hand attempt 8/10
2025-11-30 14:42:59,414 [DEBUG] ydotool click failed at (2923.0,1346.2): Command '['/usr/bin/ydotool', 'mousemove', '--absolute', '2923', '1346']' returned non-zero exit status 2.
2025-11-30 14:42:59,857 [DEBUG] ydotool click failed at (2234.0,1244.4): Command '['/usr/bin/ydotool', 'mousemove', '--absolute', '2234', '1244']' returned non-zero exit status 2.
2025-11-30 14:43:00,513 [DEBUG] ydotool click failed at (1996.1999999999998,1202.2): Command '['/usr/bin/ydotool', 'mousemove', '--absolute', '1996', '1202']' returned non-zero exit status 2.
2025-11-30 14:43:01,035 [DEBUG] ydotool key failed for space (57): Command '['/usr/bin/ydotool', 'key', '57:1', '57:0']' returned non-zero exit status 2.
2025-11-30 14:55:39,691 [INFO] Starting MTGA bot with config at config.json
2025-11-30 14:55:39,691 [INFO] Using configured log path: /home/barrylim/.local/share/Steam/steamapps/compatdata/2141910/pfx/drive_c/users/steamuser/AppData/LocalLow/Wizards Of The Coast/MTGA/Player.log
2025-11-30 14:55:39,729 [INFO] Loaded card database from cards.json
2025-11-30 14:55:42,730 [DEBUG] Unparsed log line (idle): Could not find BladeQueueInfo for QueueType: Ranked
2025-11-30 14:55:42,730 [DEBUG] Unparsed log line (idle): Can't find pet for deck Goblins Everywhere! (4792e924-c693-4b06-b4e7-31bfeedd610d)
2025-11-30 14:55:44,731 [DEBUG] Unparsed log line (idle): Unloading 4 Unused Serialized files (Serialized files now loaded: 244)
2025-11-30 14:55:44,731 [DEBUG] Unparsed log line (idle): Unloading 7592 unused Assets to reduce memory usage. Loaded Objects now: 24974.
2025-11-30 14:55:44,731 [DEBUG] Unparsed log line (idle): Total: 50.739700 ms (FindLiveObjects: 1.343200 ms CreateObjectMapping: 1.461200 ms MarkObjects: 44.027900 ms  DeleteObjects: 3.906900 ms)
2025-11-30 14:55:45,731 [DEBUG] Event: LogEvent(event_type=<EventType.QUEUE_ENTERED: 6>, payload={'state': 'ConnectedToMatchDoor_ConnectingToGRE'})
2025-11-30 14:55:45,731 [INFO] Action: ActionType.WAIT (Waiting for opponent)
2025-11-30 14:55:46,557 [DEBUG] Event: LogEvent(event_type=<EventType.QUEUE_ENTERED: 6>, payload={'state': 'ConnectedToMatchDoor_ConnectedToGRE_Waiting'})
2025-11-30 14:55:46,558 [INFO] Action: ActionType.WAIT (Waiting for opponent)
2025-11-30 14:55:46,943 [DEBUG] Event: LogEvent(event_type=<EventType.MATCH_START: 4>, payload={'state': 'Playing'})
2025-11-30 14:55:46,944 [INFO] Action: ActionType.KEEP_HAND (Keep opening hand once per match)
2025-11-30 14:55:47,547 [DEBUG] ydotool click failed at (1714.0,287.0): Command '['/usr/bin/ydotool', 'mousemove', '--absolute', '1714', '287']' returned non-zero exit status 2.
2025-11-30 14:55:48,092 [DEBUG] Keep-hand attempt 1/10
2025-11-30 14:55:48,092 [INFO] User mouse movement detected; pausing UI actions for 7.0 seconds
2025-11-30 14:55:55,093 [INFO] User mouse movement detected; pausing UI actions for 7.0 seconds
2025-11-30 14:56:02,094 [DEBUG] ydotool click failed at (2926.0,1331.2): Command '['/usr/bin/ydotool', 'mousemove', '--absolute', '2926', '1331']' returned non-zero exit status 2.
2025-11-30 14:56:02,645 [INFO] User mouse movement detected; pausing UI actions for 7.0 seconds
2025-11-30 14:56:09,646 [DEBUG] ydotool click failed at (2240.0,1243.4): Command '['/usr/bin/ydotool', 'mousemove', '--absolute', '2240', '1243']' returned non-zero exit status 2.
2025-11-30 14:56:10,392 [INFO] User mouse movement detected; pausing UI actions for 7.0 seconds
2025-11-30 14:56:17,393 [DEBUG] ydotool click failed at (2000.1999999999998,1192.2): Command '['/usr/bin/ydotool', 'mousemove', '--absolute', '2000', '1192']' returned non-zero exit status 2.
2025-11-30 14:56:17,802 [DEBUG] ydotool key failed for space (57): Command '['/usr/bin/ydotool', 'key', '57:1', '57:0']' returned non-zero exit status 2.
2025-11-30 14:56:18,326 [DEBUG] ydotool key failed for enter (28): Command '['/usr/bin/ydotool', 'key', '28:1', '28:0']' returned non-zero exit status 2.
2025-11-30 14:56:19,296 [DEBUG] Keep-hand attempt 2/10
2025-11-30 14:56:19,297 [DEBUG] ydotool click failed at (2929.0,1336.2): Command '['/usr/bin/ydotool', 'mousemove', '--absolute', '2929', '1336']' returned non-zero exit status 2.
2025-11-30 14:56:19,682 [DEBUG] ydotool click failed at (2241.0,1229.4): Command '['/usr/bin/ydotool', 'mousemove', '--absolute', '2241', '1229']' returned non-zero exit status 2.
2025-11-30 14:56:20,129 [INFO] User mouse movement detected; pausing UI actions for 7.0 seconds
2025-11-30 14:56:27,130 [DEBUG] ydotool click failed at (1990.1999999999998,1202.2): Command '['/usr/bin/ydotool', 'mousemove', '--absolute', '1990', '1202']' returned non-zero exit status 2.
2025-11-30 14:56:27,876 [INFO] User mouse movement detected; pausing UI actions for 7.0 seconds
2025-11-30 14:56:34,876 [INFO] User mouse movement detected; pausing UI actions for 7.0 seconds
2025-11-30 15:25:53,939 [INFO] Starting MTGA bot with config at config.json
2025-11-30 15:25:53,939 [INFO] Using configured log path: /home/barrylim/.local/share/Steam/steamapps/compatdata/2141910/pfx/drive_c/users/steamuser/AppData/LocalLow/Wizards Of The Coast/MTGA/Player.log
2025-11-30 15:25:53,979 [INFO] Loaded card database from cards.json
2025-11-30 15:25:54,979 [DEBUG] Unparsed log line (idle): Could not find BladeQueueInfo for QueueType: Ranked
2025-11-30 15:25:55,980 [DEBUG] Unparsed log line (idle): Can't find pet for deck Goblins Everywhere! (4792e924-c693-4b06-b4e7-31bfeedd610d)
2025-11-30 15:25:56,980 [DEBUG] Unparsed log line (idle): Unloading 4 Unused Serialized files (Serialized files now loaded: 267)
2025-11-30 15:25:56,980 [DEBUG] Unparsed log line (idle): Unloading 7445 unused Assets to reduce memory usage. Loaded Objects now: 25001.
2025-11-30 15:25:56,980 [DEBUG] Unparsed log line (idle): Total: 65.374100 ms (FindLiveObjects: 1.404700 ms CreateObjectMapping: 1.141300 ms MarkObjects: 58.704600 ms  DeleteObjects: 4.123000 ms)
2025-11-30 15:25:57,980 [DEBUG] Event: LogEvent(event_type=<EventType.QUEUE_ENTERED: 6>, payload={'state': 'ConnectedToMatchDoor_ConnectingToGRE'})
2025-11-30 15:25:57,980 [INFO] Action: ActionType.WAIT (Waiting for opponent)
2025-11-30 15:25:58,506 [DEBUG] Event: LogEvent(event_type=<EventType.QUEUE_ENTERED: 6>, payload={'state': 'ConnectedToMatchDoor_ConnectedToGRE_Waiting'})
2025-11-30 15:25:58,507 [INFO] Action: ActionType.WAIT (Waiting for opponent)
2025-11-30 15:25:58,914 [DEBUG] Event: LogEvent(event_type=<EventType.MATCH_START: 4>, payload={'state': 'Playing'})
2025-11-30 15:25:58,914 [INFO] Action: ActionType.KEEP_HAND (Keep opening hand once per match)
2025-11-30 15:25:59,516 [DEBUG] ydotool click failed at (1721.0,297.0): Command '['/usr/bin/ydotool', 'mousemove', '--absolute', '1721', '297']' returned non-zero exit status 2.
2025-11-30 15:26:00,073 [DEBUG] Keep-hand attempt 1/10
2025-11-30 15:26:00,073 [INFO] User mouse movement detected; pausing UI actions for 7.0 seconds
2025-11-30 15:26:07,074 [INFO] User mouse movement detected; pausing UI actions for 7.0 seconds
2025-11-30 15:26:14,075 [DEBUG] ydotool click failed at (2919.0,1341.2): Command '['/usr/bin/ydotool', 'mousemove', '--absolute', '2919', '1341']' returned non-zero exit status 2.
2025-11-30 15:26:14,106 [DEBUG] Clicked keep_hand at (2919.0, 1341.2)
2025-11-30 15:26:14,708 [INFO] User mouse movement detected; pausing UI actions for 7.0 seconds
2025-11-30 15:26:21,710 [DEBUG] ydotool click failed at (2228.0,1244.4): Command '['/usr/bin/ydotool', 'mousemove', '--absolute', '2228', '1244']' returned non-zero exit status 2.
2025-11-30 15:26:22,311 [INFO] User mouse movement detected; pausing UI actions for 7.0 seconds
2025-11-30 15:26:29,313 [DEBUG] ydotool click failed at (1998.1999999999998,1203.2): Command '['/usr/bin/ydotool', 'mousemove', '--absolute', '1998', '1203']' returned non-zero exit status 2.
2025-11-30 15:26:29,981 [INFO] User mouse movement detected; pausing UI actions for 7.0 seconds
2025-11-30 15:26:36,982 [DEBUG] ydotool key failed for space (57): Command '['/usr/bin/ydotool', 'key', '57:1', '57:0']' returned non-zero exit status 2.
2025-11-30 15:26:37,421 [DEBUG] ydotool key failed for enter (28): Command '['/usr/bin/ydotool', 'key', '28:1', '28:0']' returned non-zero exit status 2.
2025-11-30 15:26:38,378 [DEBUG] Keep-hand attempt 2/10
2025-11-30 15:26:38,379 [DEBUG] ydotool click failed at (2928.0,1329.2): Command '['/usr/bin/ydotool', 'mousemove', '--absolute', '2928', '1329']' returned non-zero exit status 2.
2025-11-30 15:26:38,410 [DEBUG] Clicked keep_hand at (2928.0, 1329.2)
2025-11-30 15:26:39,124 [INFO] User mouse movement detected; pausing UI actions for 7.0 seconds
2025-11-30 15:26:46,126 [DEBUG] ydotool click failed at (2229.0,1242.4): Command '['/usr/bin/ydotool', 'mousemove', '--absolute', '2229', '1242']' returned non-zero exit status 2.
2025-11-30 15:26:46,863 [INFO] User mouse movement detected; pausing UI actions for 7.0 seconds
2025-11-30 15:26:53,864 [INFO] User mouse movement detected; pausing UI actions for 7.0 seconds
2025-11-30 15:27:00,865 [DEBUG] ydotool click failed at (1998.1999999999998,1188.2): Command '['/usr/bin/ydotool', 'mousemove', '--absolute', '1998', '1188']' returned non-zero exit status 2.
2025-11-30 15:27:01,466 [INFO] User mouse movement detected; pausing UI actions for 7.0 seconds
2025-11-30 15:27:08,467 [DEBUG] ydotool key failed for space (57): Command '['/usr/bin/ydotool', 'key', '57:1', '57:0']' returned non-zero exit status 2.
2025-11-30 15:27:08,972 [DEBUG] ydotool key failed for enter (28): Command '['/usr/bin/ydotool', 'key', '28:1', '28:0']' returned non-zero exit status 2.
2025-11-30 15:27:09,794 [DEBUG] Keep-hand attempt 3/10
2025-11-30 15:27:09,796 [DEBUG] ydotool click failed at (2923.0,1333.2): Command '['/usr/bin/ydotool', 'mousemove', '--absolute', '2923', '1333']' returned non-zero exit status 2.
2025-11-30 15:27:09,827 [DEBUG] Clicked keep_hand at (2923.0, 1333.2)
2025-11-30 15:27:10,563 [INFO] User mouse movement detected; pausing UI actions for 7.0 seconds
2025-11-30 15:27:17,564 [DEBUG] ydotool click failed at (2234.0,1229.4): Command '['/usr/bin/ydotool', 'mousemove', '--absolute', '2234', '1229']' returned non-zero exit status 2.
2025-11-30 15:27:18,282 [INFO] User mouse movement detected; pausing UI actions for 7.0 seconds
2025-11-30 15:27:25,283 [DEBUG] ydotool click failed at (1998.1999999999998,1186.2): Command '['/usr/bin/ydotool', 'mousemove', '--absolute', '1998', '1186']' returned non-zero exit status 2.
2025-11-30 15:27:25,874 [INFO] User mouse movement detected; pausing UI actions for 7.0 seconds
2025-11-30 15:40:40,094 [INFO] Starting MTGA bot with config at config.json
2025-11-30 15:40:40,094 [INFO] Using configured log path: /home/barrylim/.local/share/Steam/steamapps/compatdata/2141910/pfx/drive_c/users/steamuser/AppData/LocalLow/Wizards Of The Coast/MTGA/Player.log
2025-11-30 15:40:40,147 [INFO] Loaded card database from cards.json
2025-11-30 15:40:41,147 [DEBUG] Unparsed log line (idle): Could not find BladeQueueInfo for QueueType: Ranked
2025-11-30 15:40:41,147 [DEBUG] Unparsed log line (idle): Can't find pet for deck Goblins Everywhere! (4792e924-c693-4b06-b4e7-31bfeedd610d)
2025-11-30 15:40:43,148 [DEBUG] Unparsed log line (idle): Unloading 4 Unused Serialized files (Serialized files now loaded: 297)
2025-11-30 15:40:43,148 [DEBUG] Unparsed log line (idle): Unloading 7248 unused Assets to reduce memory usage. Loaded Objects now: 25550.
2025-11-30 15:40:43,148 [DEBUG] Unparsed log line (idle): Total: 57.303900 ms (FindLiveObjects: 1.354100 ms CreateObjectMapping: 0.581000 ms MarkObjects: 51.727700 ms  DeleteObjects: 3.640300 ms)
2025-11-30 15:40:44,148 [DEBUG] Event: LogEvent(event_type=<EventType.QUEUE_ENTERED: 6>, payload={'state': 'ConnectedToMatchDoor_ConnectingToGRE'})
2025-11-30 15:40:44,148 [INFO] Action: ActionType.WAIT (Waiting for opponent)
2025-11-30 15:40:44,941 [DEBUG] Event: LogEvent(event_type=<EventType.QUEUE_ENTERED: 6>, payload={'state': 'ConnectedToMatchDoor_ConnectedToGRE_Waiting'})
2025-11-30 15:40:44,941 [INFO] Action: ActionType.WAIT (Waiting for opponent)
2025-11-30 15:40:45,650 [DEBUG] Event: LogEvent(event_type=<EventType.MATCH_START: 4>, payload={'state': 'Playing'})
2025-11-30 15:40:45,650 [INFO] Action: ActionType.KEEP_HAND (Keep opening hand once per match)
2025-11-30 15:40:46,252 [DEBUG] ydotool click failed at (1717.0,283.0): Command '['/usr/bin/ydotool', 'mousemove', '--absolute', '1717', '283']' returned non-zero exit status 2.
2025-11-30 15:40:46,786 [DEBUG] Keep-hand attempt 1/10
2025-11-30 15:40:46,786 [INFO] User mouse movement detected; pausing UI actions for 7.0 seconds
2025-11-30 15:40:53,786 [INFO] User mouse movement detected; pausing UI actions for 7.0 seconds
Traceback (most recent call last):
  File "<frozen runpy>", line 198, in _run_module_as_main
  File "<frozen runpy>", line 88, in _run_code
  File "/home/barrylim/Dokumente/mtga_bot/mtga_bot/main.py", line 209, in <module>
    main()
    ~~~~^^
  File "/home/barrylim/Dokumente/mtga_bot/mtga_bot/main.py", line 205, in main
    run_bot(Path(args.config).expanduser())
    ~~~~~~~^^^^^^^^^^^^^^^^^^^^^^^^^^^^^^^^
  File "/home/barrylim/Dokumente/mtga_bot/mtga_bot/main.py", line 177, in run_bot
    ui_controller.perform(action)
    ~~~~~~~~~~~~~~~~~~~~~^^^^^^^^
  File "/home/barrylim/Dokumente/mtga_bot/mtga_bot/ui_controller.py", line 63, in perform
    self.confirm_keep_hand()
    ~~~~~~~~~~~~~~~~~~~~~~^^
  File "/home/barrylim/Dokumente/mtga_bot/mtga_bot/ui_controller.py", line 107, in confirm_keep_hand
    self.click_named_target("keep_hand")
    ~~~~~~~~~~~~~~~~~~~~~~~^^^^^^^^^^^^^
  File "/home/barrylim/Dokumente/mtga_bot/mtga_bot/ui_controller.py", line 144, in click_named_target
    location = self._pyautogui.locateCenterOnScreen(str(candidate), confidence=self.confidence)
  File "/home/barrylim/Dokumente/mtga_bot/.venv/lib/python3.13/site-packages/pyautogui/__init__.py", line 172, in wrapper
    return wrappedFunction(*args, **kwargs)
  File "/home/barrylim/Dokumente/mtga_bot/.venv/lib/python3.13/site-packages/pyautogui/__init__.py", line 204, in locateCenterOnScreen
    return pyscreeze.locateCenterOnScreen(*args, **kwargs)
           ~~~~~~~~~~~~~~~~~~~~~~~~~~~~~~^^^^^^^^^^^^^^^^^
  File "/home/barrylim/Dokumente/mtga_bot/.venv/lib/python3.13/site-packages/pyscreeze/__init__.py", line 447, in locateCenterOnScreen
    coords = locateOnScreen(image, **kwargs)
  File "/home/barrylim/Dokumente/mtga_bot/.venv/lib/python3.13/site-packages/pyscreeze/__init__.py", line 404, in locateOnScreen
    screenshotIm = screenshot(region=None)
  File "/home/barrylim/Dokumente/mtga_bot/.venv/lib/python3.13/site-packages/pyscreeze/__init__.py", line 628, in _screenshot_linux
    raise Exception(
        'To take screenshots, you must install Pillow version 9.2.0 or greater and gnome-screenshot by running `sudo apt install gnome-screenshot`'  # noqa
    )
Exception: To take screenshots, you must install Pillow version 9.2.0 or greater and gnome-screenshot by running `sudo apt install gnome-screenshot`
2025-11-30 15:48:39,999 [INFO] Starting MTGA bot with config at config.json
2025-11-30 15:48:39,999 [INFO] Using configured log path: /home/barrylim/.local/share/Steam/steamapps/compatdata/2141910/pfx/drive_c/users/steamuser/AppData/LocalLow/Wizards Of The Coast/MTGA/Player.log
2025-11-30 15:48:40,038 [INFO] Loaded card database from cards.json
2025-11-30 15:48:42,039 [DEBUG] Unparsed log line (idle): Could not find BladeQueueInfo for QueueType: Ranked
2025-11-30 15:48:42,039 [DEBUG] Unparsed log line (idle): Can't find pet for deck Goblins Everywhere! (4792e924-c693-4b06-b4e7-31bfeedd610d)
2025-11-30 15:48:44,039 [DEBUG] Unparsed log line (idle): Unloading 4 Unused Serialized files (Serialized files now loaded: 361)
2025-11-30 15:48:44,040 [DEBUG] Unparsed log line (idle): Unloading 7746 unused Assets to reduce memory usage. Loaded Objects now: 25597.
2025-11-30 15:48:44,040 [DEBUG] Unparsed log line (idle): Total: 78.069600 ms (FindLiveObjects: 1.588100 ms CreateObjectMapping: 0.775500 ms MarkObjects: 70.235300 ms  DeleteObjects: 5.469900 ms)
2025-11-30 15:48:46,040 [DEBUG] Event: LogEvent(event_type=<EventType.QUEUE_ENTERED: 6>, payload={'state': 'ConnectedToMatchDoor_ConnectingToGRE'})
2025-11-30 15:48:46,040 [INFO] Action: ActionType.WAIT (Waiting for opponent)
2025-11-30 15:48:46,652 [DEBUG] Event: LogEvent(event_type=<EventType.QUEUE_ENTERED: 6>, payload={'state': 'ConnectedToMatchDoor_ConnectedToGRE_Waiting'})
2025-11-30 15:48:46,652 [INFO] Action: ActionType.WAIT (Waiting for opponent)
2025-11-30 15:48:47,017 [DEBUG] Event: LogEvent(event_type=<EventType.MATCH_START: 4>, payload={'state': 'Playing'})
2025-11-30 15:48:47,017 [INFO] Action: ActionType.KEEP_HAND (Keep opening hand once per match)
2025-11-30 15:48:47,619 [DEBUG] ydotool click failed at (1711.0,280.0): Command '['/usr/bin/ydotool', 'mousemove', '--absolute', '1711', '280']' returned non-zero exit status 2. (falling back to pyautogui)
2025-11-30 15:48:48,129 [DEBUG] Keep-hand attempt 1/10
2025-11-30 15:48:48,129 [INFO] User mouse movement detected; pausing UI actions for 7.0 seconds

(gnome-screenshot:13851): Handy-WARNING **: 15:48:55.176: Using GtkSettings:gtk-application-prefer-dark-theme together with HdyStyleManager is unsupported. Please use HdyStyleManager:color-scheme instead.

** (org.gnome.Screenshot:13851): WARNING **: 15:48:55.233: Unable to use GNOME Shell's builtin screenshot interface: GDBus.Error:org.freedesktop.DBus.Error.ServiceUnknown: The name is not activatable

** (org.gnome.Screenshot:13851): CRITICAL **: 15:48:55.233: Unable to capture a screenshot of any window
2025-11-30 15:48:55,240 [DEBUG] Importing AvifImagePlugin
2025-11-30 15:48:55,241 [DEBUG] Importing BlpImagePlugin
2025-11-30 15:48:55,242 [DEBUG] Importing BmpImagePlugin
2025-11-30 15:48:55,242 [DEBUG] Importing BufrStubImagePlugin
2025-11-30 15:48:55,242 [DEBUG] Importing CurImagePlugin
2025-11-30 15:48:55,242 [DEBUG] Importing DcxImagePlugin
2025-11-30 15:48:55,242 [DEBUG] Importing DdsImagePlugin
2025-11-30 15:48:55,246 [DEBUG] Importing EpsImagePlugin
2025-11-30 15:48:55,246 [DEBUG] Importing FitsImagePlugin
2025-11-30 15:48:55,247 [DEBUG] Importing FliImagePlugin
2025-11-30 15:48:55,247 [DEBUG] Importing FpxImagePlugin
2025-11-30 15:48:55,247 [DEBUG] Image: failed to import FpxImagePlugin: No module named 'olefile'
2025-11-30 15:48:55,247 [DEBUG] Importing FtexImagePlugin
2025-11-30 15:48:55,247 [DEBUG] Importing GbrImagePlugin
2025-11-30 15:48:55,247 [DEBUG] Importing GifImagePlugin
2025-11-30 15:48:55,247 [DEBUG] Importing GribStubImagePlugin
2025-11-30 15:48:55,248 [DEBUG] Importing Hdf5StubImagePlugin
2025-11-30 15:48:55,248 [DEBUG] Importing IcnsImagePlugin
2025-11-30 15:48:55,248 [DEBUG] Importing IcoImagePlugin
2025-11-30 15:48:55,249 [DEBUG] Importing ImImagePlugin
2025-11-30 15:48:55,249 [DEBUG] Importing ImtImagePlugin
2025-11-30 15:48:55,249 [DEBUG] Importing IptcImagePlugin
2025-11-30 15:48:55,249 [DEBUG] Importing JpegImagePlugin
2025-11-30 15:48:55,249 [DEBUG] Importing Jpeg2KImagePlugin
2025-11-30 15:48:55,249 [DEBUG] Importing McIdasImagePlugin
2025-11-30 15:48:55,250 [DEBUG] Importing MicImagePlugin
2025-11-30 15:48:55,250 [DEBUG] Image: failed to import MicImagePlugin: No module named 'olefile'
2025-11-30 15:48:55,250 [DEBUG] Importing MpegImagePlugin
2025-11-30 15:48:55,250 [DEBUG] Importing MpoImagePlugin
2025-11-30 15:48:55,254 [DEBUG] Importing MspImagePlugin
2025-11-30 15:48:55,254 [DEBUG] Importing PalmImagePlugin
2025-11-30 15:48:55,254 [DEBUG] Importing PcdImagePlugin
2025-11-30 15:48:55,254 [DEBUG] Importing PcxImagePlugin
2025-11-30 15:48:55,254 [DEBUG] Importing PdfImagePlugin
2025-11-30 15:48:55,262 [DEBUG] Importing PixarImagePlugin
2025-11-30 15:48:55,262 [DEBUG] Importing PngImagePlugin
2025-11-30 15:48:55,262 [DEBUG] Importing PpmImagePlugin
2025-11-30 15:48:55,262 [DEBUG] Importing PsdImagePlugin
2025-11-30 15:48:55,262 [DEBUG] Importing QoiImagePlugin
2025-11-30 15:48:55,262 [DEBUG] Importing SgiImagePlugin
2025-11-30 15:48:55,263 [DEBUG] Importing SpiderImagePlugin
2025-11-30 15:48:55,263 [DEBUG] Importing SunImagePlugin
2025-11-30 15:48:55,263 [DEBUG] Importing TgaImagePlugin
2025-11-30 15:48:55,263 [DEBUG] Importing TiffImagePlugin
2025-11-30 15:48:55,263 [DEBUG] Importing WebPImagePlugin
2025-11-30 15:48:55,264 [DEBUG] Importing WmfImagePlugin
2025-11-30 15:48:55,264 [DEBUG] Importing XbmImagePlugin
2025-11-30 15:48:55,264 [DEBUG] Importing XpmImagePlugin
2025-11-30 15:48:55,265 [DEBUG] Importing XVThumbImagePlugin
2025-11-30 15:48:55,265 [WARNING] Image search disabled (screenshot backend missing?): cannot identify image file '/tmp/tmpazykyr3d.png'
2025-11-30 15:48:55,298 [DEBUG] Clicked keep_hand at (2927.0, 1346.2)
2025-11-30 15:48:55,898 [INFO] User mouse movement detected; pausing UI actions for 7.0 seconds
2025-11-30 15:49:03,551 [INFO] User mouse movement detected; pausing UI actions for 7.0 seconds
2025-11-30 15:49:11,311 [INFO] User mouse movement detected; pausing UI actions for 7.0 seconds
2025-11-30 15:49:20,085 [DEBUG] Keep-hand attempt 2/10
2025-11-30 15:49:20,117 [DEBUG] Clicked keep_hand at (2927.0, 1340.2)
2025-11-30 15:49:20,650 [INFO] User mouse movement detected; pausing UI actions for 7.0 seconds
2025-11-30 15:49:27,650 [INFO] User mouse movement detected; pausing UI actions for 7.0 seconds
2025-11-30 15:49:35,276 [INFO] User mouse movement detected; pausing UI actions for 7.0 seconds
2025-11-30 15:49:42,929 [INFO] User mouse movement detected; pausing UI actions for 7.0 seconds
2025-11-30 15:49:51,612 [DEBUG] Keep-hand attempt 3/10
2025-11-30 15:49:51,644 [DEBUG] Clicked keep_hand at (2924.0, 1333.2)
2025-11-30 15:49:52,434 [INFO] User mouse movement detected; pausing UI actions for 7.0 seconds
2025-11-30 15:49:59,944 [INFO] User mouse movement detected; pausing UI actions for 7.0 seconds
2025-11-30 15:50:07,492 [INFO] User mouse movement detected; pausing UI actions for 7.0 seconds
2025-11-30 15:50:15,957 [DEBUG] Keep-hand attempt 4/10
2025-11-30 15:50:15,989 [DEBUG] Clicked keep_hand at (2930.0, 1337.2)
2025-11-30 15:50:16,586 [INFO] User mouse movement detected; pausing UI actions for 7.0 seconds
2025-11-30 15:50:24,305 [INFO] User mouse movement detected; pausing UI actions for 7.0 seconds
2025-11-30 15:50:31,828 [INFO] User mouse movement detected; pausing UI actions for 7.0 seconds
2025-11-30 15:50:38,828 [INFO] User mouse movement detected; pausing UI actions for 7.0 seconds
2025-11-30 15:50:45,829 [INFO] User mouse movement detected; pausing UI actions for 7.0 seconds
2025-11-30 16:09:46,676 [INFO] Starting MTGA bot with config at config.json
2025-11-30 16:09:46,677 [INFO] Using configured log path: /home/barrylim/.local/share/Steam/steamapps/compatdata/2141910/pfx/drive_c/users/steamuser/AppData/LocalLow/Wizards Of The Coast/MTGA/Player.log
2025-11-30 16:09:46,721 [INFO] Loaded card database from cards.json
2025-11-30 16:09:51,722 [DEBUG] Unparsed log line (idle): Could not find BladeQueueInfo for QueueType: Ranked
2025-11-30 16:09:51,722 [DEBUG] Unparsed log line (idle): Can't find pet for deck Goblins Everywhere! (4792e924-c693-4b06-b4e7-31bfeedd610d)
2025-11-30 16:09:52,722 [DEBUG] Unparsed log line (idle): Unloading 4 Unused Serialized files (Serialized files now loaded: 271)
2025-11-30 16:09:52,722 [DEBUG] Unparsed log line (idle): Unloading 9363 unused Assets to reduce memory usage. Loaded Objects now: 25004.
2025-11-30 16:09:52,723 [DEBUG] Unparsed log line (idle): Total: 71.565700 ms (FindLiveObjects: 1.393400 ms CreateObjectMapping: 0.687300 ms MarkObjects: 64.422400 ms  DeleteObjects: 5.062000 ms)
2025-11-30 16:09:54,723 [DEBUG] Event: LogEvent(event_type=<EventType.QUEUE_ENTERED: 6>, payload={'state': 'ConnectedToMatchDoor_ConnectingToGRE'})
2025-11-30 16:09:54,723 [INFO] Action: ActionType.WAIT (Waiting for opponent)
2025-11-30 16:09:55,598 [DEBUG] Event: LogEvent(event_type=<EventType.QUEUE_ENTERED: 6>, payload={'state': 'ConnectedToMatchDoor_ConnectedToGRE_Waiting'})
2025-11-30 16:09:55,598 [INFO] Action: ActionType.WAIT (Waiting for opponent)
2025-11-30 16:09:56,063 [DEBUG] Event: LogEvent(event_type=<EventType.MATCH_START: 4>, payload={'state': 'Playing'})
2025-11-30 16:09:56,063 [INFO] Action: ActionType.KEEP_HAND (Keep opening hand once per match)
2025-11-30 16:09:56,665 [DEBUG] ydotool click failed at (1729.0,288.0): Command '['/usr/bin/ydotool', 'mousemove', '--absolute', '1729', '288']' returned non-zero exit status 2. (falling back to pyautogui)
2025-11-30 16:09:57,115 [DEBUG] Keep-hand attempt 1/10
2025-11-30 16:09:57,115 [INFO] User mouse movement detected; pausing UI actions for 7.0 seconds
2025-11-30 16:10:04,115 [INFO] User mouse movement detected; pausing UI actions for 7.0 seconds
2025-11-30 16:10:11,116 [INFO] User mouse movement detected; pausing UI actions for 7.0 seconds
2025-11-30 16:10:18,149 [DEBUG] Clicked keep_hand at (2928.0, 1329.2)
2025-11-30 16:10:21,224 [DEBUG] Keep-hand attempt 2/10
2025-11-30 16:10:21,257 [DEBUG] Clicked keep_hand at (2927.0, 1335.2)
2025-11-30 16:10:24,287 [DEBUG] Keep-hand attempt 3/10
2025-11-30 16:10:24,319 [DEBUG] Clicked keep_hand at (2921.0, 1335.2)
2025-11-30 16:10:27,039 [DEBUG] Keep-hand attempt 4/10
2025-11-30 16:10:27,071 [DEBUG] Clicked keep_hand at (2917.0, 1340.2)
2025-11-30 16:10:30,466 [DEBUG] Keep-hand attempt 5/10
2025-11-30 16:10:30,498 [DEBUG] Clicked keep_hand at (2930.0, 1347.2)
2025-11-30 16:10:33,782 [DEBUG] Keep-hand attempt 6/10
2025-11-30 16:10:33,814 [DEBUG] Clicked keep_hand at (2928.0, 1331.2)
2025-11-30 16:10:37,352 [DEBUG] Keep-hand attempt 7/10
2025-11-30 16:10:37,384 [DEBUG] Clicked keep_hand at (2923.0, 1343.2)
2025-11-30 16:10:40,970 [DEBUG] Keep-hand attempt 8/10
2025-11-30 16:10:41,002 [DEBUG] Clicked keep_hand at (2924.0, 1331.2)
2025-11-30 16:10:44,309 [DEBUG] Keep-hand attempt 9/10
2025-11-30 16:10:44,341 [DEBUG] Clicked keep_hand at (2925.0, 1335.2)
2025-11-30 16:10:47,609 [DEBUG] Keep-hand attempt 10/10
2025-11-30 16:10:47,641 [DEBUG] Clicked keep_hand at (2930.0, 1332.2)
2025-11-30 16:10:51,349 [DEBUG] Unparsed log line (in match/queue): [Info   :MTGA Resolution additions] Patching QualitySettingsHelpers.ForceAllowableResolution: Preventing execution.
2025-11-30 16:10:51,349 [INFO] Action: ActionType.KEEP_HAND (Accept starting hand by default)
2025-11-30 16:10:51,350 [INFO] User mouse movement detected; pausing UI actions for 7.0 seconds
2025-11-30 16:16:50,901 [INFO] Starting MTGA bot with config at config.json
2025-11-30 16:16:50,901 [INFO] Using configured log path: /home/barrylim/.local/share/Steam/steamapps/compatdata/2141910/pfx/drive_c/users/steamuser/AppData/LocalLow/Wizards Of The Coast/MTGA/Player.log
2025-11-30 16:16:50,941 [INFO] Loaded card database from cards.json
2025-11-30 16:17:08,944 [DEBUG] Event: LogEvent(event_type=<EventType.MATCH_END: 5>, payload={'state': 'MatchCompleted'})
2025-11-30 16:17:08,944 [INFO] Action: ActionType.QUEUE_FOR_MATCH (Idle: queue for next match)
2025-11-30 16:17:09,075 [DEBUG] ydotool click failed at (1720.0,1078.0): Command '['/usr/bin/ydotool', 'mousemove', '--absolute', '1720', '1078']' returned non-zero exit status 2. (falling back to pyautogui)
2025-11-30 16:17:09,108 [DEBUG] Clicked queue_button at (1720.0, 1078.0)
2025-11-30 16:17:11,744 [DEBUG] Unparsed log line (idle): [Info   :MTGA Resolution additions] Patching QualitySettingsHelpers.ForceAllowableResolution: Preventing execution.
2025-11-30 16:17:11,744 [DEBUG] Unparsed log line (idle): OnSceneLoaded for MatchEndScene
2025-11-30 16:17:16,745 [DEBUG] Unparsed log line (idle): OnSceneUnloaded for Battlefield_LCI
2025-11-30 16:17:17,745 [DEBUG] Unparsed log line (idle): OnSceneUnloaded for DuelScene
2025-11-30 16:17:17,745 [DEBUG] Unparsed log line (idle): OnSceneUnloaded for MatchEndScene
2025-11-30 16:17:35,580 [INFO] Starting MTGA bot with config at config.json
2025-11-30 16:17:35,581 [INFO] Using configured log path: /home/barrylim/.local/share/Steam/steamapps/compatdata/2141910/pfx/drive_c/users/steamuser/AppData/LocalLow/Wizards Of The Coast/MTGA/Player.log
2025-11-30 16:17:35,621 [INFO] Loaded card database from cards.json
2025-11-30 16:17:37,621 [DEBUG] Unparsed log line (idle): Unloading 4 Unused Serialized files (Serialized files now loaded: 301)
2025-11-30 16:17:37,621 [DEBUG] Unparsed log line (idle): Unloading 8051 unused Assets to reduce memory usage. Loaded Objects now: 29148.
2025-11-30 16:17:37,621 [DEBUG] Unparsed log line (idle): Total: 59.320100 ms (FindLiveObjects: 1.574700 ms CreateObjectMapping: 1.661300 ms MarkObjects: 50.622500 ms  DeleteObjects: 5.461100 ms)
2025-11-30 16:17:37,621 [DEBUG] Unparsed log line (idle): 
2025-11-30 16:17:37,621 [DEBUG] Unparsed log line (idle): [Info   :MTGA Resolution additions] Patching QualitySettingsHelpers.ForceAllowableResolution: Preventing execution.
2025-11-30 16:17:38,622 [DEBUG] Event: LogEvent(event_type=<EventType.QUEUE_ENTERED: 6>, payload={'state': 'ConnectedToMatchDoor_ConnectingToGRE'})
2025-11-30 16:17:38,622 [INFO] Action: ActionType.WAIT (Waiting for opponent)
2025-11-30 16:17:39,385 [DEBUG] Event: LogEvent(event_type=<EventType.QUEUE_ENTERED: 6>, payload={'state': 'ConnectedToMatchDoor_ConnectedToGRE_Waiting'})
2025-11-30 16:17:39,386 [INFO] Action: ActionType.WAIT (Waiting for opponent)
2025-11-30 16:17:39,910 [DEBUG] Event: LogEvent(event_type=<EventType.MATCH_START: 4>, payload={'state': 'Playing'})
2025-11-30 16:17:39,911 [INFO] Action: ActionType.KEEP_HAND (Keep opening hand once per match)
2025-11-30 16:17:40,512 [DEBUG] ydotool click failed at (1725.0,296.0): Command '['/usr/bin/ydotool', 'mousemove', '--absolute', '1725', '296']' returned non-zero exit status 2. (falling back to pyautogui)
2025-11-30 16:17:41,270 [DEBUG] Keep-hand attempt 1/10
2025-11-30 16:17:41,303 [DEBUG] Clicked keep_hand at (2933.0, 1341.2)
2025-11-30 16:17:44,189 [DEBUG] Keep-hand attempt 2/10
2025-11-30 16:17:44,222 [DEBUG] Clicked keep_hand at (2922.0, 1347.2)
2025-11-30 16:17:47,653 [DEBUG] Keep-hand attempt 3/10
2025-11-30 16:17:47,685 [DEBUG] Clicked keep_hand at (2927.0, 1338.2)
2025-11-30 16:17:50,407 [DEBUG] Keep-hand attempt 4/10
2025-11-30 16:17:50,440 [DEBUG] Clicked keep_hand at (2914.0, 1348.2)
2025-11-30 16:17:53,625 [DEBUG] Keep-hand attempt 5/10
2025-11-30 16:17:53,658 [DEBUG] Clicked keep_hand at (2933.0, 1345.2)
2025-11-30 16:17:57,297 [DEBUG] Keep-hand attempt 6/10
2025-11-30 16:17:57,329 [DEBUG] Clicked keep_hand at (2921.0, 1337.2)
2025-11-30 16:18:00,720 [DEBUG] Keep-hand attempt 7/10
2025-11-30 16:18:00,752 [DEBUG] Clicked keep_hand at (2933.0, 1349.2)
2025-11-30 16:18:03,697 [DEBUG] Keep-hand attempt 8/10
2025-11-30 16:18:03,729 [DEBUG] Clicked keep_hand at (2929.0, 1340.2)
2025-11-30 16:18:04,939 [INFO] User mouse movement detected; pausing UI actions for 7.0 seconds
